-- The CXX compiler identification is GNU 13.3.0
-- Detecting CXX compiler ABI info
-- Detecting CXX compiler ABI info - done
-- Check for working CXX compiler: /usr/bin/c++ - skipped
-- Detecting CXX compile features
-- Detecting CXX compile features - done
-- Found OpenMP_CXX: -fopenmp (found version "4.5") 
-- Found OpenMP: TRUE (found version "4.5")  
-- Found GLEW: /usr/include (found version "2.2.0") 
CMake Warning (dev) at /usr/share/cmake-3.28/Modules/FindOpenGL.cmake:381 (message):
  Policy CMP0072 is not set: FindOpenGL prefers GLVND by default when
  available.  Run "cmake --help-policy CMP0072" for policy details.  Use the
  cmake_policy command to set the policy and suppress this warning.

  FindOpenGL found both a legacy GL library:

    OPENGL_gl_LIBRARY: /usr/lib/x86_64-linux-gnu/libGL.so

  and GLVND libraries for OpenGL and GLX:

    OPENGL_opengl_LIBRARY: /usr/lib/x86_64-linux-gnu/libOpenGL.so
    OPENGL_glx_LIBRARY: /usr/lib/x86_64-linux-gnu/libGLX.so

  OpenGL_GL_PREFERENCE has not been set to "GLVND" or "LEGACY", so for
  compatibility with CMake 3.10 and below the legacy GL library will be used.
Call Stack (most recent call first):
  CMakeLists.txt:22 (find_package)
This warning is for project developers.  Use -Wno-dev to suppress it.

-- Found OpenGL: /usr/lib/x86_64-linux-gnu/libOpenGL.so   
-- YGL Configuration:
--   C++ Standard: 17
--   OpenMP: -fopenmp
--   GLEW Found: TRUE
--   GLFW3 Found: 1
--   OpenGL Found: TRUE
--   GLEW Include: /usr/include
--   GLFW3 Include: 
--   OpenGL Include: 
-- Configuring done (1.6s)
-- Generating done (0.1s)
-- Build files have been written to: /home/yannoo/Dev/YGL/build
[  2%] Building CXX object CMakeFiles/ygl.dir/src/core/mesh.cpp.o
[  5%] Building CXX object CMakeFiles/ygl.dir/src/core/bounding_box.cpp.o
[ 11%] Building CXX object CMakeFiles/ygl.dir/src/core/camera.cpp.o
[ 11%] Building CXX object CMakeFiles/ygl.dir/src/core/light.cpp.o
[ 14%] Building CXX object CMakeFiles/ygl.dir/src/core/object3d.cpp.o
[ 17%] Building CXX object CMakeFiles/ygl.dir/src/core/scene.cpp.o
[ 20%] Building CXX object CMakeFiles/ygl.dir/src/loaders/loader.cpp.o
[ 22%] Building CXX object CMakeFiles/ygl.dir/src/loaders/md2_loader.cpp.o
[ 25%] Building CXX object CMakeFiles/ygl.dir/src/loaders/md3_loader.cpp.o
[ 28%] Building CXX object CMakeFiles/ygl.dir/src/loaders/md5_loader.cpp.o
[ 31%] Building CXX object CMakeFiles/ygl.dir/src/loaders/obj_loader.cpp.o
[ 34%] Building CXX object CMakeFiles/ygl.dir/src/materials/material.cpp.o
[ 37%] Building CXX object CMakeFiles/ygl.dir/src/materials/texture.cpp.o
[ 40%] Building CXX object CMakeFiles/ygl.dir/src/math/quat.cpp.o
[ 42%] Building CXX object CMakeFiles/ygl.dir/src/math/ray.cpp.o
[ 45%] Building CXX object CMakeFiles/ygl.dir/src/math/vec2.cpp.o
[ 48%] Building CXX object CMakeFiles/ygl.dir/src/math/vec3.cpp.o
[ 51%] Building CXX object CMakeFiles/ygl.dir/src/math/vec4.cpp.o
In file included from /home/yannoo/Dev/YGL/src/math/ray.cpp:2:
/home/yannoo/Dev/YGL/include/math/math_utils.hpp: In function ‘float ygl::FastInvSqrt(float)’:
/home/yannoo/Dev/YGL/include/math/math_utils.hpp:71:18: warning: dereferencing type-punned pointer will break strict-aliasing rules [-Wstrict-aliasing]
   71 |     int32_t i = *reinterpret_cast<int32_t*>(&y);
      |                  ^~~~~~~~~~~~~~~~~~~~~~~~~~~~~~
/home/yannoo/Dev/YGL/include/math/math_utils.hpp:73:10: warning: dereferencing type-punned pointer will break strict-aliasing rules [-Wstrict-aliasing]
   73 |     y = *reinterpret_cast<float*>(&i);
      |          ^~~~~~~~~~~~~~~~~~~~~~~~~~~~
/home/yannoo/Dev/YGL/src/math/ray.cpp: In member function ‘ygl::Ray ygl::Ray::transform(const ygl::mat4&) const’:
/home/yannoo/Dev/YGL/src/math/ray.cpp:54:49: error: no matching function for call to ‘ygl::Vec3::Vec3(const ygl::Vec3&, float)’
   54 |     Vec3 new_origin = matrix * Vec3(origin, 1.0f);
      |                                                 ^
In file included from /home/yannoo/Dev/YGL/include/math/ray.hpp:3,
                 from /home/yannoo/Dev/YGL/src/math/ray.cpp:1:
/home/yannoo/Dev/YGL/include/math/vec3.hpp:25:5: note: candidate: ‘ygl::Vec3::Vec3(float, float, float)’
   25 |     Vec3(float x, float y, float z) : x(x), y(y), z(z) {}
      |     ^~~~
/home/yannoo/Dev/YGL/include/math/vec3.hpp:25:5: note:   candidate expects 3 arguments, 2 provided
/home/yannoo/Dev/YGL/include/math/vec3.hpp:24:14: note: candidate: ‘ygl::Vec3::Vec3(float)’
   24 |     explicit Vec3(float scalar) : x(scalar), y(scalar), z(scalar) {}
      |              ^~~~
/home/yannoo/Dev/YGL/include/math/vec3.hpp:24:14: note:   candidate expects 1 argument, 2 provided
/home/yannoo/Dev/YGL/include/math/vec3.hpp:23:5: note: candidate: ‘ygl::Vec3::Vec3()’
   23 |     Vec3() : x(0), y(0), z(0) {}
      |     ^~~~
/home/yannoo/Dev/YGL/include/math/vec3.hpp:23:5: note:   candidate expects 0 arguments, 2 provided
/home/yannoo/Dev/YGL/include/math/vec3.hpp:12:7: note: candidate: ‘constexpr ygl::Vec3::Vec3(const ygl::Vec3&)’
   12 | class Vec3 {
      |       ^~~~
/home/yannoo/Dev/YGL/include/math/vec3.hpp:12:7: note:   candidate expects 1 argument, 2 provided
/home/yannoo/Dev/YGL/include/math/vec3.hpp:12:7: note: candidate: ‘constexpr ygl::Vec3::Vec3(ygl::Vec3&&)’
/home/yannoo/Dev/YGL/include/math/vec3.hpp:12:7: note:   candidate expects 1 argument, 2 provided
/home/yannoo/Dev/YGL/src/math/ray.cpp:55:55: error: no matching function for call to ‘ygl::Vec3::Vec3(const ygl::Vec3&, float)’
   55 |     Vec3 new_direction = matrix * Vec3(direction, 0.0f);
      |                                                       ^
/home/yannoo/Dev/YGL/include/math/vec3.hpp:25:5: note: candidate: ‘ygl::Vec3::Vec3(float, float, float)’
   25 |     Vec3(float x, float y, float z) : x(x), y(y), z(z) {}
      |     ^~~~
/home/yannoo/Dev/YGL/include/math/vec3.hpp:25:5: note:   candidate expects 3 arguments, 2 provided
/home/yannoo/Dev/YGL/include/math/vec3.hpp:24:14: note: candidate: ‘ygl::Vec3::Vec3(float)’
   24 |     explicit Vec3(float scalar) : x(scalar), y(scalar), z(scalar) {}
      |              ^~~~
/home/yannoo/Dev/YGL/include/math/vec3.hpp:24:14: note:   candidate expects 1 argument, 2 provided
/home/yannoo/Dev/YGL/include/math/vec3.hpp:23:5: note: candidate: ‘ygl::Vec3::Vec3()’
   23 |     Vec3() : x(0), y(0), z(0) {}
      |     ^~~~
/home/yannoo/Dev/YGL/include/math/vec3.hpp:23:5: note:   candidate expects 0 arguments, 2 provided
/home/yannoo/Dev/YGL/include/math/vec3.hpp:12:7: note: candidate: ‘constexpr ygl::Vec3::Vec3(const ygl::Vec3&)’
   12 | class Vec3 {
      |       ^~~~
/home/yannoo/Dev/YGL/include/math/vec3.hpp:12:7: note:   candidate expects 1 argument, 2 provided
/home/yannoo/Dev/YGL/include/math/vec3.hpp:12:7: note: candidate: ‘constexpr ygl::Vec3::Vec3(ygl::Vec3&&)’
/home/yannoo/Dev/YGL/include/math/vec3.hpp:12:7: note:   candidate expects 1 argument, 2 provided
/home/yannoo/Dev/YGL/src/math/ray.cpp: In member function ‘ygl::DifferentialRay ygl::DifferentialRay::transform(const ygl::mat4&) const’:
/home/yannoo/Dev/YGL/src/math/ray.cpp:109:47: error: no matching function for call to ‘ygl::Vec3::Vec3(const ygl::Vec3&, float)’
  109 |     result.origin = matrix * Vec3(origin, 1.0f);
      |                                               ^
/home/yannoo/Dev/YGL/include/math/vec3.hpp:25:5: note: candidate: ‘ygl::Vec3::Vec3(float, float, float)’
   25 |     Vec3(float x, float y, float z) : x(x), y(y), z(z) {}
      |     ^~~~
/home/yannoo/Dev/YGL/include/math/vec3.hpp:25:5: note:   candidate expects 3 arguments, 2 provided
/home/yannoo/Dev/YGL/include/math/vec3.hpp:24:14: note: candidate: ‘ygl::Vec3::Vec3(float)’
   24 |     explicit Vec3(float scalar) : x(scalar), y(scalar), z(scalar) {}
      |              ^~~~
/home/yannoo/Dev/YGL/include/math/vec3.hpp:24:14: note:   candidate expects 1 argument, 2 provided
/home/yannoo/Dev/YGL/include/math/vec3.hpp:23:5: note: candidate: ‘ygl::Vec3::Vec3()’
   23 |     Vec3() : x(0), y(0), z(0) {}
      |     ^~~~
/home/yannoo/Dev/YGL/include/math/vec3.hpp:23:5: note:   candidate expects 0 arguments, 2 provided
/home/yannoo/Dev/YGL/include/math/vec3.hpp:12:7: note: candidate: ‘constexpr ygl::Vec3::Vec3(const ygl::Vec3&)’
   12 | class Vec3 {
      |       ^~~~
/home/yannoo/Dev/YGL/include/math/vec3.hpp:12:7: note:   candidate expects 1 argument, 2 provided
/home/yannoo/Dev/YGL/include/math/vec3.hpp:12:7: note: candidate: ‘constexpr ygl::Vec3::Vec3(ygl::Vec3&&)’
/home/yannoo/Dev/YGL/include/math/vec3.hpp:12:7: note:   candidate expects 1 argument, 2 provided
/home/yannoo/Dev/YGL/src/math/ray.cpp:110:54: error: no matching function for call to ‘ygl::Vec3::Vec3(const ygl::Vec3&, float)’
  110 |     result.direction = (matrix * Vec3(direction, 0.0f)).normalized();
      |                                                      ^
/home/yannoo/Dev/YGL/include/math/vec3.hpp:25:5: note: candidate: ‘ygl::Vec3::Vec3(float, float, float)’
   25 |     Vec3(float x, float y, float z) : x(x), y(y), z(z) {}
      |     ^~~~
/home/yannoo/Dev/YGL/include/math/vec3.hpp:25:5: note:   candidate expects 3 arguments, 2 provided
/home/yannoo/Dev/YGL/include/math/vec3.hpp:24:14: note: candidate: ‘ygl::Vec3::Vec3(float)’
   24 |     explicit Vec3(float scalar) : x(scalar), y(scalar), z(scalar) {}
      |              ^~~~
/home/yannoo/Dev/YGL/include/math/vec3.hpp:24:14: note:   candidate expects 1 argument, 2 provided
/home/yannoo/Dev/YGL/include/math/vec3.hpp:23:5: note: candidate: ‘ygl::Vec3::Vec3()’
   23 |     Vec3() : x(0), y(0), z(0) {}
      |     ^~~~
/home/yannoo/Dev/YGL/include/math/vec3.hpp:23:5: note:   candidate expects 0 arguments, 2 provided
/home/yannoo/Dev/YGL/include/math/vec3.hpp:12:7: note: candidate: ‘constexpr ygl::Vec3::Vec3(const ygl::Vec3&)’
   12 | class Vec3 {
      |       ^~~~
/home/yannoo/Dev/YGL/include/math/vec3.hpp:12:7: note:   candidate expects 1 argument, 2 provided
/home/yannoo/Dev/YGL/include/math/vec3.hpp:12:7: note: candidate: ‘constexpr ygl::Vec3::Vec3(ygl::Vec3&&)’
/home/yannoo/Dev/YGL/include/math/vec3.hpp:12:7: note:   candidate expects 1 argument, 2 provided
/home/yannoo/Dev/YGL/src/math/ray.cpp:114:57: error: no matching function for call to ‘ygl::Vec3::Vec3(const ygl::Vec3&, float)’
  114 |         result.rx_origin = matrix * Vec3(rx_origin, 1.0f);
      |                                                         ^
/home/yannoo/Dev/YGL/include/math/vec3.hpp:25:5: note: candidate: ‘ygl::Vec3::Vec3(float, float, float)’
   25 |     Vec3(float x, float y, float z) : x(x), y(y), z(z) {}
      |     ^~~~
/home/yannoo/Dev/YGL/include/math/vec3.hpp:25:5: note:   candidate expects 3 arguments, 2 provided
/home/yannoo/Dev/YGL/include/math/vec3.hpp:24:14: note: candidate: ‘ygl::Vec3::Vec3(float)’
   24 |     explicit Vec3(float scalar) : x(scalar), y(scalar), z(scalar) {}
      |              ^~~~
/home/yannoo/Dev/YGL/include/math/vec3.hpp:24:14: note:   candidate expects 1 argument, 2 provided
/home/yannoo/Dev/YGL/include/math/vec3.hpp:23:5: note: candidate: ‘ygl::Vec3::Vec3()’
   23 |     Vec3() : x(0), y(0), z(0) {}
      |     ^~~~
/home/yannoo/Dev/YGL/include/math/vec3.hpp:23:5: note:   candidate expects 0 arguments, 2 provided
/home/yannoo/Dev/YGL/include/math/vec3.hpp:12:7: note: candidate: ‘constexpr ygl::Vec3::Vec3(const ygl::Vec3&)’
   12 | class Vec3 {
      |       ^~~~
/home/yannoo/Dev/YGL/include/math/vec3.hpp:12:7: note:   candidate expects 1 argument, 2 provided
/home/yannoo/Dev/YGL/include/math/vec3.hpp:12:7: note: candidate: ‘constexpr ygl::Vec3::Vec3(ygl::Vec3&&)’
/home/yannoo/Dev/YGL/include/math/vec3.hpp:12:7: note:   candidate expects 1 argument, 2 provided
/home/yannoo/Dev/YGL/src/math/ray.cpp:115:57: error: no matching function for call to ‘ygl::Vec3::Vec3(const ygl::Vec3&, float)’
  115 |         result.ry_origin = matrix * Vec3(ry_origin, 1.0f);
      |                                                         ^
/home/yannoo/Dev/YGL/include/math/vec3.hpp:25:5: note: candidate: ‘ygl::Vec3::Vec3(float, float, float)’
   25 |     Vec3(float x, float y, float z) : x(x), y(y), z(z) {}
      |     ^~~~
/home/yannoo/Dev/YGL/include/math/vec3.hpp:25:5: note:   candidate expects 3 arguments, 2 provided
/home/yannoo/Dev/YGL/include/math/vec3.hpp:24:14: note: candidate: ‘ygl::Vec3::Vec3(float)’
   24 |     explicit Vec3(float scalar) : x(scalar), y(scalar), z(scalar) {}
      |              ^~~~
/home/yannoo/Dev/YGL/include/math/vec3.hpp:24:14: note:   candidate expects 1 argument, 2 provided
/home/yannoo/Dev/YGL/include/math/vec3.hpp:23:5: note: candidate: ‘ygl::Vec3::Vec3()’
   23 |     Vec3() : x(0), y(0), z(0) {}
      |     ^~~~
/home/yannoo/Dev/YGL/include/math/vec3.hpp:23:5: note:   candidate expects 0 arguments, 2 provided
/home/yannoo/Dev/YGL/include/math/vec3.hpp:12:7: note: candidate: ‘constexpr ygl::Vec3::Vec3(const ygl::Vec3&)’
   12 | class Vec3 {
      |       ^~~~
/home/yannoo/Dev/YGL/include/math/vec3.hpp:12:7: note:   candidate expects 1 argument, 2 provided
/home/yannoo/Dev/YGL/include/math/vec3.hpp:12:7: note: candidate: ‘constexpr ygl::Vec3::Vec3(ygl::Vec3&&)’
/home/yannoo/Dev/YGL/include/math/vec3.hpp:12:7: note:   candidate expects 1 argument, 2 provided
/home/yannoo/Dev/YGL/src/math/ray.cpp:116:64: error: no matching function for call to ‘ygl::Vec3::Vec3(const ygl::Vec3&, float)’
  116 |         result.rx_direction = (matrix * Vec3(rx_direction, 0.0f)).normalized();
      |                                                                ^
/home/yannoo/Dev/YGL/include/math/vec3.hpp:25:5: note: candidate: ‘ygl::Vec3::Vec3(float, float, float)’
   25 |     Vec3(float x, float y, float z) : x(x), y(y), z(z) {}
      |     ^~~~
/home/yannoo/Dev/YGL/include/math/vec3.hpp:25:5: note:   candidate expects 3 arguments, 2 provided
/home/yannoo/Dev/YGL/include/math/vec3.hpp:24:14: note: candidate: ‘ygl::Vec3::Vec3(float)’
   24 |     explicit Vec3(float scalar) : x(scalar), y(scalar), z(scalar) {}
      |              ^~~~
/home/yannoo/Dev/YGL/include/math/vec3.hpp:24:14: note:   candidate expects 1 argument, 2 provided
/home/yannoo/Dev/YGL/include/math/vec3.hpp:23:5: note: candidate: ‘ygl::Vec3::Vec3()’
   23 |     Vec3() : x(0), y(0), z(0) {}
      |     ^~~~
/home/yannoo/Dev/YGL/include/math/vec3.hpp:23:5: note:   candidate expects 0 arguments, 2 provided
/home/yannoo/Dev/YGL/include/math/vec3.hpp:12:7: note: candidate: ‘constexpr ygl::Vec3::Vec3(const ygl::Vec3&)’
   12 | class Vec3 {
      |       ^~~~
/home/yannoo/Dev/YGL/include/math/vec3.hpp:12:7: note:   candidate expects 1 argument, 2 provided
/home/yannoo/Dev/YGL/include/math/vec3.hpp:12:7: note: candidate: ‘constexpr ygl::Vec3::Vec3(ygl::Vec3&&)’
/home/yannoo/Dev/YGL/include/math/vec3.hpp:12:7: note:   candidate expects 1 argument, 2 provided
/home/yannoo/Dev/YGL/src/math/ray.cpp:117:64: error: no matching function for call to ‘ygl::Vec3::Vec3(const ygl::Vec3&, float)’
  117 |         result.ry_direction = (matrix * Vec3(ry_direction, 0.0f)).normalized();
      |                                                                ^
/home/yannoo/Dev/YGL/include/math/vec3.hpp:25:5: note: candidate: ‘ygl::Vec3::Vec3(float, float, float)’
   25 |     Vec3(float x, float y, float z) : x(x), y(y), z(z) {}
      |     ^~~~
/home/yannoo/Dev/YGL/include/math/vec3.hpp:25:5: note:   candidate expects 3 arguments, 2 provided
/home/yannoo/Dev/YGL/include/math/vec3.hpp:24:14: note: candidate: ‘ygl::Vec3::Vec3(float)’
   24 |     explicit Vec3(float scalar) : x(scalar), y(scalar), z(scalar) {}
      |              ^~~~
/home/yannoo/Dev/YGL/include/math/vec3.hpp:24:14: note:   candidate expects 1 argument, 2 provided
/home/yannoo/Dev/YGL/include/math/vec3.hpp:23:5: note: candidate: ‘ygl::Vec3::Vec3()’
   23 |     Vec3() : x(0), y(0), z(0) {}
      |     ^~~~
/home/yannoo/Dev/YGL/include/math/vec3.hpp:23:5: note:   candidate expects 0 arguments, 2 provided
/home/yannoo/Dev/YGL/include/math/vec3.hpp:12:7: note: candidate: ‘constexpr ygl::Vec3::Vec3(const ygl::Vec3&)’
   12 | class Vec3 {
      |       ^~~~
/home/yannoo/Dev/YGL/include/math/vec3.hpp:12:7: note:   candidate expects 1 argument, 2 provided
/home/yannoo/Dev/YGL/include/math/vec3.hpp:12:7: note: candidate: ‘constexpr ygl::Vec3::Vec3(ygl::Vec3&&)’
/home/yannoo/Dev/YGL/include/math/vec3.hpp:12:7: note:   candidate expects 1 argument, 2 provided
gmake[2]: *** [CMakeFiles/ygl.dir/build.make:272 : CMakeFiles/ygl.dir/src/math/ray.cpp.o] Erreur 1
gmake[2]: *** Attente des tâches non terminées....
gmake[1]: *** [CMakeFiles/Makefile2:89 : CMakeFiles/ygl.dir/all] Erreur 2
gmake: *** [Makefile:91 : all] Erreur 2
